CRITICAL - 2022-06-21 18:38:05 --> Call to undefined method App\Models\Entidades\Subitem::get_pk_item()
#0 C:\Users\Rodrigo\Servidores\XAMPP001\htdocs\demonstracao_de_slides_com_code_igniter\App\Controllers\ItemController.php(50): App\Controllers\ItemController->mostrar_subitens_do_item('6')
#1 C:\Users\Rodrigo\Servidores\XAMPP001\htdocs\demonstracao_de_slides_com_code_igniter\system\CodeIgniter.php(832): App\Controllers\ItemController->index()
#2 C:\Users\Rodrigo\Servidores\XAMPP001\htdocs\demonstracao_de_slides_com_code_igniter\system\CodeIgniter.php(419): CodeIgniter\CodeIgniter->runController(Object(App\Controllers\ItemController))
#3 C:\Users\Rodrigo\Servidores\XAMPP001\htdocs\demonstracao_de_slides_com_code_igniter\system\CodeIgniter.php(326): CodeIgniter\CodeIgniter->handleRequest(NULL, Object(Config\Cache), false)
#4 C:\Users\Rodrigo\Servidores\XAMPP001\htdocs\demonstracao_de_slides_com_code_igniter\public\index.php(37): CodeIgniter\CodeIgniter->run()
#5 {main}
CRITICAL - 2022-06-21 18:39:09 --> Undefined array key "mensagem"
#0 C:\Users\Rodrigo\Servidores\XAMPP001\htdocs\demonstracao_de_slides_com_code_igniter\App\Views\views_cache_smarty\11005ab54d13ddc80a4b602591111ec9eaafa650_0.file.item.html.php(68): CodeIgniter\Debug\Exceptions->errorHandler(2, 'Undefined array...', 'C:\\Users\\Rodrig...', 68)
#1 C:\Users\Rodrigo\Servidores\XAMPP001\htdocs\demonstracao_de_slides_com_code_igniter\App\ThirdParty\Smarty\sysplugins\smarty_internal_runtime_inheritance.php(248): Block_156651528862b23a7d142845_42440546->callBlock(Object(Smarty_Internal_Template))
#2 C:\Users\Rodrigo\Servidores\XAMPP001\htdocs\demonstracao_de_slides_com_code_igniter\App\ThirdParty\Smarty\sysplugins\smarty_internal_runtime_inheritance.php(184): Smarty_Internal_Runtime_Inheritance->callBlock(Object(Block_156651528862b23a7d142845_42440546), Object(Smarty_Internal_Template))
#3 C:\Users\Rodrigo\Servidores\XAMPP001\htdocs\demonstracao_de_slides_com_code_igniter\App\ThirdParty\Smarty\sysplugins\smarty_internal_runtime_inheritance.php(186): Smarty_Internal_Runtime_Inheritance->process(Object(Smarty_Internal_Template), Object(Block_156651528862b23a7d142845_42440546), Object(Block_160864412262a73281cfda25_55155140))
#4 C:\Users\Rodrigo\Servidores\XAMPP001\htdocs\demonstracao_de_slides_com_code_igniter\App\ThirdParty\Smarty\sysplugins\smarty_internal_runtime_inheritance.php(156): Smarty_Internal_Runtime_Inheritance->process(Object(Smarty_Internal_Template), Object(Block_160864412262a73281cfda25_55155140))
#5 C:\Users\Rodrigo\Servidores\XAMPP001\htdocs\demonstracao_de_slides_com_code_igniter\App\Views\views_cache_smarty\70ecb7f0184807835067ab56159b6d42e5215a32_0.file.template.html.php(60): Smarty_Internal_Runtime_Inheritance->instanceBlock(Object(Smarty_Internal_Template), 'Block_160864412...', 'tronco')
#6 C:\Users\Rodrigo\Servidores\XAMPP001\htdocs\demonstracao_de_slides_com_code_igniter\App\ThirdParty\Smarty\sysplugins\smarty_template_resource_base.php(123): content_62a73281cfe0a2_32033745(Object(Smarty_Internal_Template))
#7 C:\Users\Rodrigo\Servidores\XAMPP001\htdocs\demonstracao_de_slides_com_code_igniter\App\ThirdParty\Smarty\sysplugins\smarty_template_compiled.php(114): Smarty_Template_Resource_Base->getRenderedTemplateCode(Object(Smarty_Internal_Template))
#8 C:\Users\Rodrigo\Servidores\XAMPP001\htdocs\demonstracao_de_slides_com_code_igniter\App\ThirdParty\Smarty\sysplugins\smarty_internal_template.php(216): Smarty_Template_Compiled->render(Object(Smarty_Internal_Template))
#9 C:\Users\Rodrigo\Servidores\XAMPP001\htdocs\demonstracao_de_slides_com_code_igniter\App\ThirdParty\Smarty\sysplugins\smarty_internal_template.php(385): Smarty_Internal_Template->render()
#10 C:\Users\Rodrigo\Servidores\XAMPP001\htdocs\demonstracao_de_slides_com_code_igniter\App\ThirdParty\Smarty\sysplugins\smarty_internal_runtime_inheritance.php(116): Smarty_Internal_Template->_subTemplateRender('../template.htm...', NULL, NULL, 0, 3600, Array, 2, false, NULL, NULL)
#11 C:\Users\Rodrigo\Servidores\XAMPP001\htdocs\demonstracao_de_slides_com_code_igniter\App\Views\views_cache_smarty\11005ab54d13ddc80a4b602591111ec9eaafa650_0.file.item.html.php(35): Smarty_Internal_Runtime_Inheritance->endChild(Object(Smarty_Internal_Template), '../template.htm...')
#12 C:\Users\Rodrigo\Servidores\XAMPP001\htdocs\demonstracao_de_slides_com_code_igniter\App\ThirdParty\Smarty\sysplugins\smarty_template_resource_base.php(123): content_62b23a7d186333_97659022(Object(Smarty_Internal_Template))
#13 C:\Users\Rodrigo\Servidores\XAMPP001\htdocs\demonstracao_de_slides_com_code_igniter\App\ThirdParty\Smarty\sysplugins\smarty_template_compiled.php(114): Smarty_Template_Resource_Base->getRenderedTemplateCode(Object(Smarty_Internal_Template))
#14 C:\Users\Rodrigo\Servidores\XAMPP001\htdocs\demonstracao_de_slides_com_code_igniter\App\ThirdParty\Smarty\sysplugins\smarty_internal_template.php(216): Smarty_Template_Compiled->render(Object(Smarty_Internal_Template))
#15 C:\Users\Rodrigo\Servidores\XAMPP001\htdocs\demonstracao_de_slides_com_code_igniter\App\ThirdParty\Smarty\sysplugins\smarty_internal_templatebase.php(238): Smarty_Internal_Template->render(false, 1)
#16 C:\Users\Rodrigo\Servidores\XAMPP001\htdocs\demonstracao_de_slides_com_code_igniter\App\ThirdParty\Smarty\sysplugins\smarty_internal_templatebase.php(134): Smarty_Internal_TemplateBase->_execute(Object(Smarty_Internal_Template), NULL, NULL, NULL, 1)
#17 C:\Users\Rodrigo\Servidores\XAMPP001\htdocs\demonstracao_de_slides_com_code_igniter\App\Controllers\ItemController.php(55): Smarty_Internal_TemplateBase->display('item/item.html')
#18 C:\Users\Rodrigo\Servidores\XAMPP001\htdocs\demonstracao_de_slides_com_code_igniter\system\CodeIgniter.php(832): App\Controllers\ItemController->index()
#19 C:\Users\Rodrigo\Servidores\XAMPP001\htdocs\demonstracao_de_slides_com_code_igniter\system\CodeIgniter.php(419): CodeIgniter\CodeIgniter->runController(Object(App\Controllers\ItemController))
#20 C:\Users\Rodrigo\Servidores\XAMPP001\htdocs\demonstracao_de_slides_com_code_igniter\system\CodeIgniter.php(326): CodeIgniter\CodeIgniter->handleRequest(NULL, Object(Config\Cache), false)
#21 C:\Users\Rodrigo\Servidores\XAMPP001\htdocs\demonstracao_de_slides_com_code_igniter\public\index.php(37): CodeIgniter\CodeIgniter->run()
#22 {main}
CRITICAL - 2022-06-21 18:39:31 --> Undefined array key "mensagem"
#0 C:\Users\Rodrigo\Servidores\XAMPP001\htdocs\demonstracao_de_slides_com_code_igniter\App\Views\views_cache_smarty\11005ab54d13ddc80a4b602591111ec9eaafa650_0.file.item.html.php(68): CodeIgniter\Debug\Exceptions->errorHandler(2, 'Undefined array...', 'C:\\Users\\Rodrig...', 68)
#1 C:\Users\Rodrigo\Servidores\XAMPP001\htdocs\demonstracao_de_slides_com_code_igniter\App\ThirdParty\Smarty\sysplugins\smarty_internal_runtime_inheritance.php(248): Block_31053519062b23a9390a770_46997408->callBlock(Object(Smarty_Internal_Template))
#2 C:\Users\Rodrigo\Servidores\XAMPP001\htdocs\demonstracao_de_slides_com_code_igniter\App\ThirdParty\Smarty\sysplugins\smarty_internal_runtime_inheritance.php(184): Smarty_Internal_Runtime_Inheritance->callBlock(Object(Block_31053519062b23a9390a770_46997408), Object(Smarty_Internal_Template))
#3 C:\Users\Rodrigo\Servidores\XAMPP001\htdocs\demonstracao_de_slides_com_code_igniter\App\ThirdParty\Smarty\sysplugins\smarty_internal_runtime_inheritance.php(186): Smarty_Internal_Runtime_Inheritance->process(Object(Smarty_Internal_Template), Object(Block_31053519062b23a9390a770_46997408), Object(Block_160864412262a73281cfda25_55155140))
#4 C:\Users\Rodrigo\Servidores\XAMPP001\htdocs\demonstracao_de_slides_com_code_igniter\App\ThirdParty\Smarty\sysplugins\smarty_internal_runtime_inheritance.php(156): Smarty_Internal_Runtime_Inheritance->process(Object(Smarty_Internal_Template), Object(Block_160864412262a73281cfda25_55155140))
#5 C:\Users\Rodrigo\Servidores\XAMPP001\htdocs\demonstracao_de_slides_com_code_igniter\App\Views\views_cache_smarty\70ecb7f0184807835067ab56159b6d42e5215a32_0.file.template.html.php(60): Smarty_Internal_Runtime_Inheritance->instanceBlock(Object(Smarty_Internal_Template), 'Block_160864412...', 'tronco')
#6 C:\Users\Rodrigo\Servidores\XAMPP001\htdocs\demonstracao_de_slides_com_code_igniter\App\ThirdParty\Smarty\sysplugins\smarty_template_resource_base.php(123): content_62a73281cfe0a2_32033745(Object(Smarty_Internal_Template))
#7 C:\Users\Rodrigo\Servidores\XAMPP001\htdocs\demonstracao_de_slides_com_code_igniter\App\ThirdParty\Smarty\sysplugins\smarty_template_compiled.php(114): Smarty_Template_Resource_Base->getRenderedTemplateCode(Object(Smarty_Internal_Template))
#8 C:\Users\Rodrigo\Servidores\XAMPP001\htdocs\demonstracao_de_slides_com_code_igniter\App\ThirdParty\Smarty\sysplugins\smarty_internal_template.php(216): Smarty_Template_Compiled->render(Object(Smarty_Internal_Template))
#9 C:\Users\Rodrigo\Servidores\XAMPP001\htdocs\demonstracao_de_slides_com_code_igniter\App\ThirdParty\Smarty\sysplugins\smarty_internal_template.php(385): Smarty_Internal_Template->render()
#10 C:\Users\Rodrigo\Servidores\XAMPP001\htdocs\demonstracao_de_slides_com_code_igniter\App\ThirdParty\Smarty\sysplugins\smarty_internal_runtime_inheritance.php(116): Smarty_Internal_Template->_subTemplateRender('../template.htm...', NULL, NULL, 0, 3600, Array, 2, false, NULL, NULL)
#11 C:\Users\Rodrigo\Servidores\XAMPP001\htdocs\demonstracao_de_slides_com_code_igniter\App\Views\views_cache_smarty\11005ab54d13ddc80a4b602591111ec9eaafa650_0.file.item.html.php(35): Smarty_Internal_Runtime_Inheritance->endChild(Object(Smarty_Internal_Template), '../template.htm...')
#12 C:\Users\Rodrigo\Servidores\XAMPP001\htdocs\demonstracao_de_slides_com_code_igniter\App\ThirdParty\Smarty\sysplugins\smarty_template_resource_base.php(123): content_62b23a9391aa27_61423196(Object(Smarty_Internal_Template))
#13 C:\Users\Rodrigo\Servidores\XAMPP001\htdocs\demonstracao_de_slides_com_code_igniter\App\ThirdParty\Smarty\sysplugins\smarty_template_compiled.php(114): Smarty_Template_Resource_Base->getRenderedTemplateCode(Object(Smarty_Internal_Template))
#14 C:\Users\Rodrigo\Servidores\XAMPP001\htdocs\demonstracao_de_slides_com_code_igniter\App\ThirdParty\Smarty\sysplugins\smarty_internal_template.php(216): Smarty_Template_Compiled->render(Object(Smarty_Internal_Template))
#15 C:\Users\Rodrigo\Servidores\XAMPP001\htdocs\demonstracao_de_slides_com_code_igniter\App\ThirdParty\Smarty\sysplugins\smarty_internal_templatebase.php(238): Smarty_Internal_Template->render(false, 1)
#16 C:\Users\Rodrigo\Servidores\XAMPP001\htdocs\demonstracao_de_slides_com_code_igniter\App\ThirdParty\Smarty\sysplugins\smarty_internal_templatebase.php(134): Smarty_Internal_TemplateBase->_execute(Object(Smarty_Internal_Template), NULL, NULL, NULL, 1)
#17 C:\Users\Rodrigo\Servidores\XAMPP001\htdocs\demonstracao_de_slides_com_code_igniter\App\Controllers\ItemController.php(55): Smarty_Internal_TemplateBase->display('item/item.html')
#18 C:\Users\Rodrigo\Servidores\XAMPP001\htdocs\demonstracao_de_slides_com_code_igniter\system\CodeIgniter.php(832): App\Controllers\ItemController->index()
#19 C:\Users\Rodrigo\Servidores\XAMPP001\htdocs\demonstracao_de_slides_com_code_igniter\system\CodeIgniter.php(419): CodeIgniter\CodeIgniter->runController(Object(App\Controllers\ItemController))
#20 C:\Users\Rodrigo\Servidores\XAMPP001\htdocs\demonstracao_de_slides_com_code_igniter\system\CodeIgniter.php(326): CodeIgniter\CodeIgniter->handleRequest(NULL, Object(Config\Cache), false)
#21 C:\Users\Rodrigo\Servidores\XAMPP001\htdocs\demonstracao_de_slides_com_code_igniter\public\index.php(37): CodeIgniter\CodeIgniter->run()
#22 {main}
CRITICAL - 2022-06-21 18:39:40 --> Undefined array key "mensagem"
#0 C:\Users\Rodrigo\Servidores\XAMPP001\htdocs\demonstracao_de_slides_com_code_igniter\App\Views\views_cache_smarty\11005ab54d13ddc80a4b602591111ec9eaafa650_0.file.item.html.php(68): CodeIgniter\Debug\Exceptions->errorHandler(2, 'Undefined array...', 'C:\\Users\\Rodrig...', 68)
#1 C:\Users\Rodrigo\Servidores\XAMPP001\htdocs\demonstracao_de_slides_com_code_igniter\App\ThirdParty\Smarty\sysplugins\smarty_internal_runtime_inheritance.php(248): Block_31053519062b23a9390a770_46997408->callBlock(Object(Smarty_Internal_Template))
#2 C:\Users\Rodrigo\Servidores\XAMPP001\htdocs\demonstracao_de_slides_com_code_igniter\App\ThirdParty\Smarty\sysplugins\smarty_internal_runtime_inheritance.php(184): Smarty_Internal_Runtime_Inheritance->callBlock(Object(Block_31053519062b23a9390a770_46997408), Object(Smarty_Internal_Template))
#3 C:\Users\Rodrigo\Servidores\XAMPP001\htdocs\demonstracao_de_slides_com_code_igniter\App\ThirdParty\Smarty\sysplugins\smarty_internal_runtime_inheritance.php(186): Smarty_Internal_Runtime_Inheritance->process(Object(Smarty_Internal_Template), Object(Block_31053519062b23a9390a770_46997408), Object(Block_160864412262a73281cfda25_55155140))
#4 C:\Users\Rodrigo\Servidores\XAMPP001\htdocs\demonstracao_de_slides_com_code_igniter\App\ThirdParty\Smarty\sysplugins\smarty_internal_runtime_inheritance.php(156): Smarty_Internal_Runtime_Inheritance->process(Object(Smarty_Internal_Template), Object(Block_160864412262a73281cfda25_55155140))
#5 C:\Users\Rodrigo\Servidores\XAMPP001\htdocs\demonstracao_de_slides_com_code_igniter\App\Views\views_cache_smarty\70ecb7f0184807835067ab56159b6d42e5215a32_0.file.template.html.php(60): Smarty_Internal_Runtime_Inheritance->instanceBlock(Object(Smarty_Internal_Template), 'Block_160864412...', 'tronco')
#6 C:\Users\Rodrigo\Servidores\XAMPP001\htdocs\demonstracao_de_slides_com_code_igniter\App\ThirdParty\Smarty\sysplugins\smarty_template_resource_base.php(123): content_62a73281cfe0a2_32033745(Object(Smarty_Internal_Template))
#7 C:\Users\Rodrigo\Servidores\XAMPP001\htdocs\demonstracao_de_slides_com_code_igniter\App\ThirdParty\Smarty\sysplugins\smarty_template_compiled.php(114): Smarty_Template_Resource_Base->getRenderedTemplateCode(Object(Smarty_Internal_Template))
#8 C:\Users\Rodrigo\Servidores\XAMPP001\htdocs\demonstracao_de_slides_com_code_igniter\App\ThirdParty\Smarty\sysplugins\smarty_internal_template.php(216): Smarty_Template_Compiled->render(Object(Smarty_Internal_Template))
#9 C:\Users\Rodrigo\Servidores\XAMPP001\htdocs\demonstracao_de_slides_com_code_igniter\App\ThirdParty\Smarty\sysplugins\smarty_internal_template.php(385): Smarty_Internal_Template->render()
#10 C:\Users\Rodrigo\Servidores\XAMPP001\htdocs\demonstracao_de_slides_com_code_igniter\App\ThirdParty\Smarty\sysplugins\smarty_internal_runtime_inheritance.php(116): Smarty_Internal_Template->_subTemplateRender('../template.htm...', NULL, NULL, 0, 3600, Array, 2, false, NULL, NULL)
#11 C:\Users\Rodrigo\Servidores\XAMPP001\htdocs\demonstracao_de_slides_com_code_igniter\App\Views\views_cache_smarty\11005ab54d13ddc80a4b602591111ec9eaafa650_0.file.item.html.php(35): Smarty_Internal_Runtime_Inheritance->endChild(Object(Smarty_Internal_Template), '../template.htm...')
#12 C:\Users\Rodrigo\Servidores\XAMPP001\htdocs\demonstracao_de_slides_com_code_igniter\App\ThirdParty\Smarty\sysplugins\smarty_template_resource_base.php(123): content_62b23a9391aa27_61423196(Object(Smarty_Internal_Template))
#13 C:\Users\Rodrigo\Servidores\XAMPP001\htdocs\demonstracao_de_slides_com_code_igniter\App\ThirdParty\Smarty\sysplugins\smarty_template_compiled.php(114): Smarty_Template_Resource_Base->getRenderedTemplateCode(Object(Smarty_Internal_Template))
#14 C:\Users\Rodrigo\Servidores\XAMPP001\htdocs\demonstracao_de_slides_com_code_igniter\App\ThirdParty\Smarty\sysplugins\smarty_internal_template.php(216): Smarty_Template_Compiled->render(Object(Smarty_Internal_Template))
#15 C:\Users\Rodrigo\Servidores\XAMPP001\htdocs\demonstracao_de_slides_com_code_igniter\App\ThirdParty\Smarty\sysplugins\smarty_internal_templatebase.php(238): Smarty_Internal_Template->render(false, 1)
#16 C:\Users\Rodrigo\Servidores\XAMPP001\htdocs\demonstracao_de_slides_com_code_igniter\App\ThirdParty\Smarty\sysplugins\smarty_internal_templatebase.php(134): Smarty_Internal_TemplateBase->_execute(Object(Smarty_Internal_Template), NULL, NULL, NULL, 1)
#17 C:\Users\Rodrigo\Servidores\XAMPP001\htdocs\demonstracao_de_slides_com_code_igniter\App\Controllers\ItemController.php(55): Smarty_Internal_TemplateBase->display('item/item.html')
#18 C:\Users\Rodrigo\Servidores\XAMPP001\htdocs\demonstracao_de_slides_com_code_igniter\system\CodeIgniter.php(832): App\Controllers\ItemController->index()
#19 C:\Users\Rodrigo\Servidores\XAMPP001\htdocs\demonstracao_de_slides_com_code_igniter\system\CodeIgniter.php(419): CodeIgniter\CodeIgniter->runController(Object(App\Controllers\ItemController))
#20 C:\Users\Rodrigo\Servidores\XAMPP001\htdocs\demonstracao_de_slides_com_code_igniter\system\CodeIgniter.php(326): CodeIgniter\CodeIgniter->handleRequest(NULL, Object(Config\Cache), false)
#21 C:\Users\Rodrigo\Servidores\XAMPP001\htdocs\demonstracao_de_slides_com_code_igniter\public\index.php(37): CodeIgniter\CodeIgniter->run()
#22 {main}
